Determining if the pthread_create exist failed with the following output:
Change Dir: /home/roy/Desktop/Drowsiness_Detection/cpp/build/CMakeFiles/CMakeTmp

Run Build Command:"/usr/bin/make" "cmTC_995b5/fast"
/usr/bin/make -f CMakeFiles/cmTC_995b5.dir/build.make CMakeFiles/cmTC_995b5.dir/build
make[1]: Entering directory '/home/roy/Desktop/Drowsiness_Detection/cpp/build/CMakeFiles/CMakeTmp'
Building C object CMakeFiles/cmTC_995b5.dir/CheckSymbolExists.c.o
/usr/bin/cc     -o CMakeFiles/cmTC_995b5.dir/CheckSymbolExists.c.o   -c /home/roy/Desktop/Drowsiness_Detection/cpp/build/CMakeFiles/CMakeTmp/CheckSymbolExists.c
Linking C executable cmTC_995b5
/usr/bin/cmake -E cmake_link_script CMakeFiles/cmTC_995b5.dir/link.txt --verbose=1
/usr/bin/cc       CMakeFiles/cmTC_995b5.dir/CheckSymbolExists.c.o  -o cmTC_995b5 -rdynamic 
CMakeFiles/cmTC_995b5.dir/CheckSymbolExists.c.o: In function `main':
CheckSymbolExists.c:(.text+0x16): undefined reference to `pthread_create'
collect2: error: ld returned 1 exit status
CMakeFiles/cmTC_995b5.dir/build.make:97: recipe for target 'cmTC_995b5' failed
make[1]: *** [cmTC_995b5] Error 1
make[1]: Leaving directory '/home/roy/Desktop/Drowsiness_Detection/cpp/build/CMakeFiles/CMakeTmp'
Makefile:126: recipe for target 'cmTC_995b5/fast' failed
make: *** [cmTC_995b5/fast] Error 2

File /home/roy/Desktop/Drowsiness_Detection/cpp/build/CMakeFiles/CMakeTmp/CheckSymbolExists.c:
/* */
#include <pthread.h>

int main(int argc, char** argv)
{
  (void)argv;
#ifndef pthread_create
  return ((int*)(&pthread_create))[argc];
#else
  (void)argc;
  return 0;
#endif
}

Determining if the function pthread_create exists in the pthreads failed with the following output:
Change Dir: /home/roy/Desktop/Drowsiness_Detection/cpp/build/CMakeFiles/CMakeTmp

Run Build Command:"/usr/bin/make" "cmTC_ddb10/fast"
/usr/bin/make -f CMakeFiles/cmTC_ddb10.dir/build.make CMakeFiles/cmTC_ddb10.dir/build
make[1]: Entering directory '/home/roy/Desktop/Drowsiness_Detection/cpp/build/CMakeFiles/CMakeTmp'
Building C object CMakeFiles/cmTC_ddb10.dir/CheckFunctionExists.c.o
/usr/bin/cc    -DCHECK_FUNCTION_EXISTS=pthread_create   -o CMakeFiles/cmTC_ddb10.dir/CheckFunctionExists.c.o   -c /usr/share/cmake-3.5/Modules/CheckFunctionExists.c
Linking C executable cmTC_ddb10
/usr/bin/cmake -E cmake_link_script CMakeFiles/cmTC_ddb10.dir/link.txt --verbose=1
/usr/bin/cc   -DCHECK_FUNCTION_EXISTS=pthread_create    CMakeFiles/cmTC_ddb10.dir/CheckFunctionExists.c.o  -o cmTC_ddb10 -rdynamic -lpthreads 
/usr/bin/ld: cannot find -lpthreads
collect2: error: ld returned 1 exit status
CMakeFiles/cmTC_ddb10.dir/build.make:97: recipe for target 'cmTC_ddb10' failed
make[1]: *** [cmTC_ddb10] Error 1
make[1]: Leaving directory '/home/roy/Desktop/Drowsiness_Detection/cpp/build/CMakeFiles/CMakeTmp'
Makefile:126: recipe for target 'cmTC_ddb10/fast' failed
make: *** [cmTC_ddb10/fast] Error 2


